1552687355|/svg|3GyQR89hmp|1
1552687368|/svg|3GyQR89hmp|2
1552687401|/svg|3GyQR89hmp|3
1552687407|/svg|3GyQR89hmp|4
1552690560|/svg|3GyQR89hmp|5
1552690563|/svg|3GyQR89hmp|6
1552690581|/svg|3GyQR89hmp|7
1552690584|/svg|3GyQR89hmp|8
1552690706|/svg|3GyQR89hmp|9
1552690716|/svg|3GyQR89hmp|10
1552690716|/svg|3GyQR89hmp|11
1552690726|/svg|3GyQR89hmp|12
1552690729|/svg|3GyQR89hmp|13
1552690765|/svg|3GyQR89hmp|14
1552690771|/svg|3GyQR89hmp|15
1552690789|/svg|3GyQR89hmp|16
1552690825|/svg|3GyQR89hmp|17
1552690845|/svg|3GyQR89hmp|18
1552690852|/svg|3GyQR89hmp|19
1552690884|/svg|3GyQR89hmp|20
1552690891|/svg|3GyQR89hmp|21
1552690894|/svg|3GyQR89hmp|22
